2011-09-24 16:50:42,787 - os.name - Mac OS X
2011-09-24 16:50:42,788 - os.arch - x86_64
2011-09-24 16:50:42,788 - os.version - 10.7
2011-09-24 16:50:42,788 - java.version - 1.6.0_26
2011-09-24 16:50:42,788 - java.vendor - Apple Inc.
2011-09-24 16:50:42,788 - java.vendor.url - http://www.apple.com/
2011-09-24 16:50:42,788 - java.home - /System/Library/Java/JavaVirtualMachines/1.6.0.jdk/Contents/Home
2011-09-24 16:50:42,788 - java.vm.specification.name - Java Virtual Machine Specification
2011-09-24 16:50:42,788 - java.vm.specification.vendor - Sun Microsystems Inc.
2011-09-24 16:50:42,788 - java.vm.specification.version - 1.0
2011-09-24 16:50:42,788 - java.class.path - /Applications/MOTODEV_Studio_for_Android_3.0/motodevstudio.app/Contents/MacOS//../../../plugins/org.eclipse.equinox.launcher_1.2.0.v20110502.jar
2011-09-24 16:50:42,788 - java.library.path - .:/Library/Java/Extensions:/System/Library/Java/Extensions:/usr/lib/java
2011-09-24 16:50:42,788 - --------------------------------------
2011-09-24 16:50:42,788 - ## Eclipse Plug-ins Log Information ##
2011-09-24 16:50:42,788 - --------------------------------------
2011-09-24 16:50:42,822 - org.eclipse.emf.mapping - 2.7.0.v20110606-0949
2011-09-24 16:50:42,847 - org.eclipse.emf.codegen.ecore.ui - 2.7.0.v20110606-0949
2011-09-24 16:50:42,886 - org.eclipse.datatools.connectivity.oda.design.ui - 3.2.5.v201105240457
2011-09-24 16:50:42,924 - org.eclipse.datatools.connectivity.oda.flatfile.ui - 3.1.1.v201104221058
2011-09-24 16:50:42,942 - org.eclipse.datatools.connectivity.ui.dse - 1.1.4.v201004270430
2011-09-24 16:50:42,949 - org.eclipse.datatools.connectivity.ui - 1.2.1.v201010211430
2011-09-24 16:50:42,962 - org.eclipse.datatools.connectivity.sqm.core - 1.2.2.v201104090305
2011-09-24 16:50:42,963 - org.eclipse.datatools.help - 1.5.0.v200906020553
2011-09-24 16:50:42,989 - com.android.ide.eclipse.traceview - 12.0.0.v201106281929-138431
2011-09-24 16:50:43,017 - org.eclipse.wst.common.project.facet.core - 1.4.200.v201103170332
2011-09-24 16:50:43,061 - org.eclipse.wst.common.project.facet.ui - 1.4.200.v201103311536
2011-09-24 16:50:43,066 - com.android.ide.eclipse.hierarchyviewer - 12.0.0.v201106281929-138431
2011-09-24 16:50:43,084 - org.eclipse.datatools.doc.user - 1.7.0.20090521092446
2011-09-24 16:50:43,109 - org.eclipse.datatools.oda.cshelp - 1.1.1.v200907031118
2011-09-24 16:50:43,109 - org.eclipse.datatools.help - 1.5.0.v200906020553
2011-09-24 16:50:43,170 - org.eclipse.datatools.sqltools.sql - 1.0.0.v200906022302
2011-09-24 16:50:43,171 - org.eclipse.datatools.sqltools.common.ui - 1.0.0.v200906022302
2011-09-24 16:50:43,187 - org.eclipse.datatools.sqltools.plan - 1.0.0.v200906022302
2011-09-24 16:50:43,226 - org.eclipse.datatools.sqltools.editor.core - 1.0.0.v201001150815
2011-09-24 16:50:43,259 - org.eclipse.datatools.sqltools.sqleditor - 1.0.2.v201009230800
2011-09-24 16:50:43,259 - org.eclipse.datatools.sqltools.ddlgen.ui - 1.0.1.v201002270530
2011-09-24 16:50:43,279 - org.eclipse.datatools.connectivity.db.generic - 1.0.1.v200908130547
2011-09-24 16:50:43,281 - org.eclipse.datatools.sqltools.editor.core.ui - 1.0.0.v201001150815
2011-09-24 16:50:43,315 - org.eclipse.datatools.sqltools.sql.ui - 1.0.0.v200906022302
2011-09-24 16:50:43,323 - org.eclipse.emf.ecore - 2.7.0.v20110605-0747
2011-09-24 16:50:43,340 - org.eclipse.emf.ecore.change - 2.7.0.v20110408-2116
2011-09-24 16:50:43,367 - org.eclipse.emf.ecore.xmi - 2.7.0.v20110520-1406
2011-09-24 16:50:43,442 - com.motorola.studio.android - 3.0.0.release
2011-09-24 16:50:43,489 - com.motorola.studio.android.emulator - 3.0.0.release
2011-09-24 16:50:43,505 - com.motorola.studio.android.launch - 3.0.0.release
2011-09-24 16:50:43,511 - com.motorola.studio.android.packaging - 2.2.0.release
2011-09-24 16:50:43,512 - com.motorola.studio.android.packaging.ui - 3.0.0.release
2011-09-24 16:50:43,512 - com.motorola.studio.android.codesnippets - 2.2.0.release
2011-09-24 16:50:43,518 - com.motorola.studio.android.handset - 3.0.0.release
2011-09-24 16:50:43,558 - com.motorola.studio.android.tooldocs.studio.helpbase - 3.0.0.release
2011-09-24 16:50:43,561 - com.motorola.studio.android.ss.provider - 2.0.0.release
2011-09-24 16:50:43,603 - com.motorola.studio.android.db - 3.0.0.release
2011-09-24 16:50:43,622 - com.motorola.studio.android.remote - 3.0.0.release
2011-09-24 16:50:43,622 - com.motorola.studio.android.product - 3.0.0.release
2011-09-24 16:50:43,637 - com.motorola.studio.android.macosx - 2.0.0.release
2011-09-24 16:50:43,640 - com.motorola.studio.android.mat - 2.2.0.release
2011-09-24 16:50:43,683 - com.motorola.studio.android.devices.services - 2.2.0.release
2011-09-24 16:50:43,709 - com.motorola.studio.android.installer - 3.0.0.release
2011-09-24 16:50:43,723 - com.motorola.studio.android.ophone - 2.2.0.release
2011-09-24 16:50:43,730 - com.motorola.studio.android.videos - 1.0.0.release
2011-09-24 16:50:43,826 - org.eclipse.emf.codegen.ui - 2.6.0.v20110606-0949
2011-09-24 16:50:43,863 - org.eclipse.mat.report - 1.1.0.201105231821
2011-09-24 16:50:43,863 - org.eclipse.mat.api - 1.1.0.201105231821
2011-09-24 16:50:43,875 - org.eclipse.mat.hprof - 1.1.0.201105231821
2011-09-24 16:50:43,883 - org.eclipse.mat.parser - 1.1.0.201105231821
2011-09-24 16:50:43,948 - org.eclipse.mat.ui - 1.1.0.201105231821
2011-09-24 16:50:44,006 - org.eclipse.mat.ui.help - 1.1.0.201105231821
2011-09-24 16:50:44,046 - org.eclipse.mat.jdt - 1.1.0.201105231821
2011-09-24 16:50:44,053 - org.eclipse.mat.dtfj - 1.1.0.201105231821
2011-09-24 16:50:44,055 - org.eclipse.mat.ibmdumps - 1.1.0.201105231821
2011-09-24 16:50:44,057 - org.eclipse.mat.jruby.resolver - 1.1.0.201105231821
2011-09-24 16:50:44,084 - java_cup.runtime - 0.10.0.v201005080400
2011-09-24 16:50:44,097 - org.apache.xerces - 2.9.0.v201101211617
2011-09-24 16:50:44,124 - org.eclipse.wst.xml.xpath2.processor - 2.0.0.v201105120439
2011-09-24 16:50:44,132 - org.eclipse.wst.xml.xpath2.wtptypes - 2.0.0.v201103212215
2011-09-24 16:50:44,133 - org.eclipse.wst.xml.xpath2 - 1.1.0.v200910101444
2011-09-24 16:50:44,146 - org.eclipse.wst.xml.xpath2.processor.doc.user - 2.0.0.v201105190326
2011-09-24 16:50:44,164 - org.eclipse.datatools.common.doc.user - 1.7.0.20090521092446
2011-09-24 16:50:44,182 - org.eclipse.datatools.connectivity.oda.consumer - 3.2.4.v201105200848
2011-09-24 16:50:44,189 - org.eclipse.datatools.connectivity.oda.design - 3.3.3.v201105191315
2011-09-24 16:50:44,190 - org.eclipse.datatools.connectivity.oda.flatfile - 3.1.1.v201104191557
2011-09-24 16:50:44,192 - org.eclipse.datatools.connectivity.oda.profile - 3.2.5.v201104090305
2011-09-24 16:50:44,192 - org.eclipse.datatools.connectivity.oda - 3.3.2.v201105200920
2011-09-24 16:50:44,192 - org.eclipse.datatools.connectivity - 1.2.2.v201105270956
2011-09-24 16:50:44,208 - org.eclipse.emf - 2.6.0.v20110606-0949
2011-09-24 16:50:44,214 - com.android.ide.eclipse.ddms - 12.0.0.v201106281929-138431
2011-09-24 16:50:44,218 - com.motorolamobility.preflighting.ui - 0.9.0.release
2011-09-24 16:50:44,224 - com.motorolamobility.preflighting.tooldocs.validator.helpbase - 0.9.0.release
2011-09-24 16:50:44,236 - org.eclipse.emf.edit - 2.7.0.v20110606-0949
2011-09-24 16:50:44,280 - org.eclipse.emf.converter - 2.5.0.v20110606-0949
2011-09-24 16:50:44,307 - org.eclipse.emf.importer - 2.6.0.v20100521-1846
2011-09-24 16:50:44,335 - org.eclipse.emf.exporter - 2.6.0.v20100521-1846
2011-09-24 16:50:44,336 - org.eclipse.emf.importer.ecore - 2.6.0.v20100521-1846
2011-09-24 16:50:44,337 - org.eclipse.emf.importer.java - 2.6.0.v20100521-1846
2011-09-24 16:50:44,339 - org.eclipse.emf.importer.rose - 2.6.0.v20100521-1846
2011-09-24 16:50:44,353 - org.eclipse.datatools.sqltools.doc.user - 1.7.0.20090521092446
2011-09-24 16:50:44,361 - org.eclipse.datatools.sqltools.doc.user.contexts - 1.7.0.20090521092446
2011-09-24 16:50:44,397 - org.eclipse.wst.xsl.core - 1.1.100.v201102270516
2011-09-24 16:50:44,399 - org.eclipse.wst.xsl.debug.ui - 1.0.200.v201101281837
2011-09-24 16:50:44,405 - org.eclipse.wst.xsl.launching - 1.0.200.v201103081922
2011-09-24 16:50:44,409 - org.eclipse.wst.xsl.xalan - 1.0.100.v201103081922
2011-09-24 16:50:44,410 - org.eclipse.wst.xsl.ui - 1.1.200.v201103082057
2011-09-24 16:50:44,420 - org.eclipse.wst.xml.xpath.ui - 1.1.100.v201105030025
2011-09-24 16:50:44,446 - org.apache.xalan - 2.7.1.v201005080400
2011-09-24 16:50:44,454 - org.apache.commons.logging - 1.0.4.v201101211617
2011-09-24 16:50:44,470 - org.eclipse.wst.xsl.doc - 1.0.100.v201004292007
2011-09-24 16:50:44,472 - org.eclipse.wst.xml.xpath.core - 1.2.0.v201105030025
2011-09-24 16:50:44,493 - org.apache.xml.serializer - 2.7.1.v201005080400
2011-09-24 16:50:44,505 - org.apache.bcel - 5.2.0.v201005080400
2011-09-24 16:50:44,505 - java_cup.runtime - 0.10.0.v201005080400
2011-09-24 16:50:44,535 - org.eclipse.wst.xsl.saxon - 1.0.200.v201103081922
2011-09-24 16:50:44,535 - org.eclipse.wst.xsl - 1.2.0.v201009121641
2011-09-24 16:50:44,560 - org.eclipse.wst.xsl.jaxp.debug - 1.0.200.v201103081922
2011-09-24 16:50:44,568 - org.eclipse.wst.xsl.jaxp.debug.ui - 1.0.200.v201103081922
2011-09-24 16:50:44,588 - org.eclipse.wst.xsl.jaxp.launching - 1.0.200.v201103081922
2011-09-24 16:50:44,632 - org.apache.log4j - 1.2.15.v201012070815
2011-09-24 16:50:44,671 - org.eclipse.wst.xsl.exslt.core - 1.0.0.v201005240426
2011-09-24 16:50:44,673 - org.eclipse.wst.xsl.exslt.ui - 1.0.0.v201006012005
2011-09-24 16:50:44,700 - org.eclipse.draw2d - 3.7.0.v20110425-2050
2011-09-24 16:50:44,728 - org.eclipse.datatools.connectivity.oda.template.ui - 3.2.1.v201004090942
2011-09-24 16:50:44,747 - org.eclipse.sequoyah.device.common.utilities - 2.0.0.N20110825-1018
2011-09-24 16:50:44,751 - org.eclipse.emf.databinding.edit - 1.2.0.v20110606-0949
2011-09-24 16:50:44,754 - org.eclipse.emf.common - 2.7.0.v20110605-0747
2011-09-24 16:50:44,766 - org.eclipse.sequoyah.device.backward - 1.0.0.N20110825-1018
2011-09-24 16:50:44,766 - org.eclipse.sequoyah.device.framework - 2.0.0.N20110825-1018
2011-09-24 16:50:44,768 - org.eclipse.sequoyah.device.framework.ui - 2.0.0.N20110825-1018
2011-09-24 16:50:44,770 - org.eclipse.sequoyah.device.service.start - 1.0.1.N20110825-1018
2011-09-24 16:50:44,772 - org.eclipse.sequoyah.device.service.stop - 1.0.1.N20110825-1018
2011-09-24 16:50:44,774 - org.eclipse.sequoyah.device.framework.wizard - 1.0.2.N20110825-1018
2011-09-24 16:50:44,797 - com.motorola.studio.platform.logger - 3.0.0
2011-09-24 16:50:44,797 - com.motorola.studio.platform.feature.rcp.branding - 3.1.1
2011-09-24 16:50:44,810 - com.motorola.studio.platform.tools.sign.core - 3.0.0
2011-09-24 16:50:44,812 - com.motorola.studio.platform.tools.sign.ui - 3.0.0
2011-09-24 16:50:44,813 - com.motorola.studio.platform.tools.common - 3.0.0
2011-09-24 16:50:44,814 - com.motorola.studio.platform.core.runtime - 3.0.0
2011-09-24 16:50:44,828 - com.motorola.studio.platform.ui - 3.0.0
2011-09-24 16:50:44,828 - com.motorola.studio.platform.ui.macosx - 3.0.0
2011-09-24 16:50:44,844 - org.eclipse.pde - 3.6.100.v201106131736
2011-09-24 16:50:44,860 - org.eclipse.pde.build - 3.7.0.v20110512-1320
2011-09-24 16:50:44,872 - org.eclipse.pde.core - 3.7.0.v20110603
2011-09-24 16:50:44,888 - org.eclipse.pde.junit.runtime - 3.4.100.v20110406
2011-09-24 16:50:44,892 - org.eclipse.pde.runtime - 3.4.200.v20110508
2011-09-24 16:50:44,904 - org.eclipse.pde.ui - 3.6.100.v20110603
2011-09-24 16:50:44,935 - org.eclipse.pde.doc.user - 3.7.0.v20110601-0800
2011-09-24 16:50:44,947 - org.eclipse.pde.ui.templates - 3.4.400.v20110516
2011-09-24 16:50:44,959 - org.eclipse.ui.views.log - 1.0.200.v20110404
2011-09-24 16:50:44,997 - org.objectweb.asm - 3.3.1.v201105211655
2011-09-24 16:50:45,022 - org.eclipse.pde.api.tools - 1.0.300.v20110523-1600
2011-09-24 16:50:45,037 - org.eclipse.pde.api.tools.ui - 1.0.300.v20110523-1600
2011-09-24 16:50:45,053 - org.eclipse.pde.ds.core - 1.0.100.v20100601
2011-09-24 16:50:45,056 - org.eclipse.pde.ds.ui - 1.0.100.v20110516
2011-09-24 16:50:45,057 - org.eclipse.pde.launching - 3.6.0.v20110506
2011-09-24 16:50:45,062 - org.eclipse.pde.ua.core - 1.0.100.v20110516
2011-09-24 16:50:45,068 - org.eclipse.pde.ua.ui - 1.0.100.v20110516
2011-09-24 16:50:45,084 - org.eclipse.emf.common.ui - 2.7.0.v20110606-0949
2011-09-24 16:50:45,103 - org.eclipse.emf.ecore.edit - 2.7.0.v20110606-0949
2011-09-24 16:50:45,140 - org.eclipse.emf.ecore.change.edit - 2.5.0.v20100521-1846
2011-09-24 16:50:45,170 - org.eclipse.wst.dtd.ui - 1.0.600.v201103171359
2011-09-24 16:50:45,172 - org.eclipse.wst.dtd.ui.infopop - 1.0.400.v201008112018
2011-09-24 16:50:45,187 - org.eclipse.wst.sse.ui.infopop - 1.0.300.v201004150328
2011-09-24 16:50:45,194 - org.eclipse.wst.xml.ui.infopop - 1.0.400.v201004292007
2011-09-24 16:50:45,217 - org.eclipse.wst.sse.ui - 1.3.0.v201105101529
2011-09-24 16:50:45,217 - org.eclipse.wst.xml.ui - 1.1.200.v201105111835
2011-09-24 16:50:45,228 - org.eclipse.wst.xsd.ui - 1.2.404.v201105050216
2011-09-24 16:50:45,248 - org.eclipse.emf.mapping.ecore.editor - 2.6.0.v20110606-0949
2011-09-24 16:50:45,264 - org.eclipse.emf.mapping.ecore2ecore.editor - 2.5.0.v20110120-0110
2011-09-24 16:50:45,266 - org.eclipse.emf.mapping.ecore2xml.ui - 2.6.0.v20110120-0109
2011-09-24 16:50:45,286 - org.eclipse.mat.chart - 1.1.0.201105231821
2011-09-24 16:50:45,295 - org.eclipse.mat.chart.ui - 1.1.0.201105231821
2011-09-24 16:50:45,305 - org.eclipse.sequoyah.localization.tools - 2.1.0.N20110825-1018
2011-09-24 16:50:45,342 - org.eclipse.sequoyah.localization.editor - 2.1.0.N20110825-1018
2011-09-24 16:50:45,370 - org.eclipse.datatools.connectivity.doc.user.contexts - 1.7.0.20090521092446
2011-09-24 16:50:45,370 - org.eclipse.datatools.connectivity.doc.user - 1.7.0.20090521092446
2011-09-24 16:50:45,389 - org.eclipse.emf.ecore.editor - 2.7.0.v20110606-0949
2011-09-24 16:50:45,412 - org.apache.ant - 1.8.2.v20110505-1300
2011-09-24 16:50:45,432 - org.eclipse.ant.core - 3.2.300.v20110511
2011-09-24 16:50:45,463 - com.jcraft.jsch - 0.1.41.v201101211617
2011-09-24 16:50:45,477 - org.eclipse.compare.core - 3.5.200.I20110208-0800
2011-09-24 16:50:45,490 - org.eclipse.compare - 3.5.200.I20110525-0800
2011-09-24 16:50:45,491 - org.eclipse.core.boot - 3.1.200.v20100505
2011-09-24 16:50:45,501 - org.eclipse.core.filebuffers - 3.5.200.v20110505-0800
2011-09-24 16:50:45,505 - org.eclipse.core.filesystem - 1.3.100.v20110423-0524
2011-09-24 16:50:45,506 - org.eclipse.core.net - 1.2.100.I20110511-0800
2011-09-24 16:50:45,508 - org.eclipse.core.resources - 3.7.100.v20110510-0712
2011-09-24 16:50:45,519 - org.eclipse.core.runtime.compatibility - 3.2.100.v20100505
2011-09-24 16:50:45,521 - org.eclipse.core.runtime.compatibility.registry - 3.5.0.v20110505
2011-09-24 16:50:45,529 - org.eclipse.osgi.util - 3.2.200.v20110110
2011-09-24 16:50:45,542 - org.eclipse.debug.core - 3.7.0.v20110518
2011-09-24 16:50:45,550 - org.eclipse.debug.ui - 3.7.0.v20110518
2011-09-24 16:50:45,566 - org.eclipse.equinox.event - 1.2.100.v20110502
2011-09-24 16:50:45,572 - org.eclipse.help.appserver - 3.1.400.v20110425
2011-09-24 16:50:45,586 - org.eclipse.ltk.core.refactoring - 3.5.200.v20110505-0800
2011-09-24 16:50:45,598 - org.eclipse.ltk.ui.refactoring - 3.6.0.v20110505-0800
2011-09-24 16:50:45,598 - org.eclipse.platform - 3.7.0.v201106131736
2011-09-24 16:50:45,627 - org.eclipse.platform.doc.user - 3.7.0.v20110601-0800
2011-09-24 16:50:45,639 - org.eclipse.search - 3.7.0.v20110505-0800
2011-09-24 16:50:45,647 - org.eclipse.team.core - 3.6.0.I20110525-0800
2011-09-24 16:50:45,687 - org.eclipse.team.ui - 3.6.100.I20110525-0800
2011-09-24 16:50:45,689 - org.eclipse.text - 3.5.100.v20110505-0800
2011-09-24 16:50:45,698 - org.eclipse.jface.text - 3.7.0.v20110505-0800
2011-09-24 16:50:45,705 - org.eclipse.jsch.core - 1.1.300.I20110514-0800
2011-09-24 16:50:45,707 - org.eclipse.jsch.ui - 1.1.300.I20110511-0800
2011-09-24 16:50:45,719 - org.eclipse.ui.console - 3.5.100.v20110511
2011-09-24 16:50:45,726 - org.eclipse.ui.presentations.r21 - 3.2.200.I20100517-1500
2011-09-24 16:50:45,746 - org.eclipse.ui.intro - 3.4.100.v20110425
2011-09-24 16:50:45,760 - org.eclipse.ui.intro.universal - 3.2.500.v20110510
2011-09-24 16:50:45,769 - org.eclipse.ui.cheatsheets - 3.4.100.v20110425
2011-09-24 16:50:45,777 - org.eclipse.ui.browser - 3.3.100.v20110426
2011-09-24 16:50:45,792 - org.eclipse.ui.navigator - 3.5.100.I20110524-0800
2011-09-24 16:50:45,794 - org.eclipse.ui.navigator.resources - 3.4.300.I20110421-1800
2011-09-24 16:50:45,795 - org.eclipse.ui.net - 1.2.100.I20110511-0800
2011-09-24 16:50:45,797 - org.eclipse.ui.workbench.texteditor - 3.7.0.v20110505-0800
2011-09-24 16:50:45,798 - org.eclipse.ui.views - 3.6.0.I20110412-0800
2011-09-24 16:50:45,810 - org.eclipse.ui.editors - 3.7.0.v20110517-0800
2011-09-24 16:50:45,821 - org.eclipse.ui.externaltools - 3.2.0.v20110506
2011-09-24 16:50:45,827 - org.eclipse.ui.ide - 3.7.0.I20110519-0100
2011-09-24 16:50:45,829 - org.eclipse.ui.ide.application - 1.0.300.I20110306-2000
2011-09-24 16:50:45,847 - org.eclipse.update.core - 3.2.500.v20110330
2011-09-24 16:50:45,856 - org.eclipse.update.scheduler - 3.2.300.v20100512
2011-09-24 16:50:45,865 - org.eclipse.update.ui - 3.2.300.v20100512
2011-09-24 16:50:45,875 - org.eclipse.ui.workbench.compatibility - 3.2.100.I20110413-1600
2011-09-24 16:50:45,881 - org.eclipse.core.filesystem.macosx - 1.3.0.v20110423-0524
2011-09-24 16:50:45,888 - org.eclipse.core.variables - 3.2.500.v20110511
2011-09-24 16:50:45,898 - org.eclipse.ui.forms - 3.5.100.v20110425
2011-09-24 16:50:45,905 - org.eclipse.ui.views.properties.tabbed - 3.5.200.I20110201-0800
2011-09-24 16:50:45,929 - org.eclipse.equinox.security - 1.1.0.v20110502
2011-09-24 16:50:45,935 - org.eclipse.equinox.security.ui - 1.1.0.v20101004
2011-09-24 16:50:45,937 - org.eclipse.equinox.security.macosx - 1.100.100.v20100503
2011-09-24 16:50:45,937 - org.eclipse.equinox.security.macosx - 1.100.100.v20100503
2011-09-24 16:50:45,947 - org.eclipse.core.externaltools - 1.0.100.v20110506
2011-09-24 16:50:45,961 - com.android.ide.eclipse.adt - 12.0.0.v201106281929-138431
2011-09-24 16:50:45,971 - org.eclipse.sequoyah.localization.android - 2.0.0.N20110825-1018
2011-09-24 16:50:45,987 - org.eclipse.sequoyah.localization.android.help - 2.1.0.N20110825-1018
2011-09-24 16:50:46,021 - javax.servlet - 2.5.0.v201103041518
2011-09-24 16:50:46,040 - javax.servlet.jsp - 2.0.0.v201101211617
2011-09-24 16:50:46,057 - org.apache.commons.el - 1.0.0.v201101211617
2011-09-24 16:50:46,058 - org.apache.commons.logging - 1.0.4.v201101211617
2011-09-24 16:50:46,077 - org.apache.jasper - 5.5.17.v201101211617
2011-09-24 16:50:46,099 - org.apache.lucene - 2.9.1.v201101211721
2011-09-24 16:50:46,119 - org.apache.lucene.analysis - 2.9.1.v201101211721
2011-09-24 16:50:46,131 - org.apache.lucene.core - 2.9.1.v201101211721
2011-09-24 16:50:46,145 - org.eclipse.equinox.http.jetty - 2.0.100.v20110502
2011-09-24 16:50:46,147 - org.eclipse.equinox.http.registry - 1.1.100.v20110502
2011-09-24 16:50:46,149 - org.eclipse.equinox.http.servlet - 1.1.200.v20110502
2011-09-24 16:50:46,151 - org.eclipse.equinox.jsp.jasper - 1.0.300.v20110502
2011-09-24 16:50:46,153 - org.eclipse.equinox.jsp.jasper.registry - 1.0.200.v20100503
2011-09-24 16:50:46,153 - org.eclipse.help.base - 3.6.0.v201106131736
2011-09-24 16:50:46,167 - org.eclipse.help.ui - 3.5.100.v20110425
2011-09-24 16:50:46,191 - org.eclipse.help.webapp - 3.6.0.v20110518
2011-09-24 16:50:46,215 - org.mortbay.jetty.server - 6.1.23.v201012071420
2011-09-24 16:50:46,227 - org.mortbay.jetty.util - 6.1.23.v201012071420
2011-09-24 16:50:46,247 - org.eclipse.emf.codegen.ecore - 2.7.0.v20110606-0949
2011-09-24 16:50:46,254 - org.eclipse.emf.ant - 2.7.0.v20100905-1633
2011-09-24 16:50:46,264 - org.eclipse.emf.databinding - 1.2.0.v20110606-0949
2011-09-24 16:50:46,299 - org.eclipse.datatools.modelbase.dbdefinition - 1.0.2.v201002130228
2011-09-24 16:50:46,307 - org.eclipse.datatools.modelbase.sql.edit - 1.0.1.v201002161452
2011-09-24 16:50:46,317 - org.eclipse.datatools.modelbase.sql.query - 1.1.1.v201008100700
2011-09-24 16:50:46,320 - org.eclipse.datatools.modelbase.sql.query.edit - 1.0.0.v201105201100
2011-09-24 16:50:46,321 - org.eclipse.datatools.modelbase.sql.xml.query - 1.0.1.v201004291415
2011-09-24 16:50:46,322 - org.eclipse.datatools.modelbase.sql - 1.0.4.v201002250945
2011-09-24 16:50:46,337 - org.eclipse.gef - 3.7.0.v20110407-2050
2011-09-24 16:50:46,356 - net.sourceforge.lpg.lpgjavaruntime - 1.1.0.v201004271650
2011-09-24 16:50:46,378 - org.eclipse.datatools.sqltools.parsers.sql.lexer - 1.0.1.v200906030654
2011-09-24 16:50:46,385 - org.eclipse.datatools.sqltools.parsers.sql.query - 1.2.0.v201004291415
2011-09-24 16:50:46,388 - org.eclipse.datatools.sqltools.parsers.sql.xml.query - 1.0.0.v200906022302
2011-09-24 16:50:46,388 - org.eclipse.datatools.sqltools.parsers.sql - 1.0.2.v201004291415
2011-09-24 16:50:46,408 - com.motorola.studio.platform.core.product - 3.1.1
2011-09-24 16:50:46,421 - com.motorola.studio.platform.ui.intro - 3.1.0
2011-09-24 16:50:46,422 - com.motorola.studio.platform.feature.branding - 3.1.1
2011-09-24 16:50:46,423 - com.motorola.studio.platform.logger.collector - 3.0.0
2011-09-24 16:50:46,455 - org.eclipse.datatools.enablement.sqlite - 1.0.0.v201002041100
2011-09-24 16:50:46,457 - org.eclipse.datatools.enablement.sqlite.dbdefinition - 1.0.1.v201002041100
2011-09-24 16:50:46,458 - org.eclipse.datatools.enablement.sqlite.ui - 1.0.0.v200906020900
2011-09-24 16:50:46,458 - org.eclipse.datatools.enablement.finfo - 1.5.1.v200906161800
2011-09-24 16:50:46,470 - biz.junginger.rss.eclipse.RssPlugin - 1.5.2
2011-09-24 16:50:46,499 - org.eclipse.datatools.connectivity.sqm.core.ui - 1.2.0.v201002281800
2011-09-24 16:50:46,499 - org.eclipse.datatools.connectivity.sqm.core - 1.2.2.v201104090305
2011-09-24 16:50:46,508 - org.eclipse.datatools.connectivity.sqm.server.ui - 1.1.100.v201009280455
2011-09-24 16:50:46,508 - org.eclipse.datatools.connectivity.ui.dse - 1.1.4.v201004270430
2011-09-24 16:50:46,508 - org.eclipse.datatools.connectivity.ui - 1.2.1.v201010211430
2011-09-24 16:50:46,508 - org.eclipse.datatools.connectivity - 1.2.2.v201105270956
2011-09-24 16:50:46,508 - org.eclipse.datatools.help - 1.5.0.v200906020553
2011-09-24 16:50:46,522 - org.eclipse.datatools.connectivity.console.profile - 1.0.0.v200906020553
2011-09-24 16:50:46,538 - org.eclipse.datatools.sqltools.common.ui - 1.0.0.v200906022302
2011-09-24 16:50:46,551 - org.eclipse.datatools.sqltools.debugger.core - 1.0.1.v201005250945
2011-09-24 16:50:46,551 - org.eclipse.datatools.sqltools.editor.core - 1.0.0.v201001150815
2011-09-24 16:50:46,551 - org.eclipse.datatools.sqltools.plan - 1.0.0.v200906022302
2011-09-24 16:50:46,556 - org.eclipse.datatools.sqltools.routineeditor - 1.0.0.v201003161000
2011-09-24 16:50:46,556 - org.eclipse.datatools.sqltools.sql - 1.0.0.v200906022302
2011-09-24 16:50:46,556 - org.eclipse.datatools.sqltools.sqleditor - 1.0.2.v201009230800
2011-09-24 16:50:46,564 - org.eclipse.datatools.sqltools.sqlscrapbook - 1.0.1.v201005250945
2011-09-24 16:50:46,564 - org.eclipse.datatools.help - 1.5.0.v200906020553
2011-09-24 16:50:46,570 - org.eclipse.datatools.sqltools.db.generic - 1.0.0.v200906020900
2011-09-24 16:50:46,572 - org.eclipse.datatools.sqltools.debugger.core.ui - 1.0.0.v201003161000
2011-09-24 16:50:46,572 - org.eclipse.datatools.sqltools.editor.core.ui - 1.0.0.v201001150815
2011-09-24 16:50:46,595 - org.eclipse.datatools.sqltools.result.ui - 1.1.1.v201101140415
2011-09-24 16:50:46,600 - org.eclipse.datatools.sqltools.routineeditor.ui - 1.0.1.v201004060545
2011-09-24 16:50:46,600 - org.eclipse.datatools.sqltools.sql.ui - 1.0.0.v200906022302
2011-09-24 16:50:46,622 - com.ibm.icu - 4.4.2.v20110208
2011-09-24 16:50:46,631 - org.eclipse.core.commands - 3.6.0.I20110111-0800
2011-09-24 16:50:46,646 - org.eclipse.core.databinding - 1.4.0.I20110111-0800
2011-09-24 16:50:46,648 - org.eclipse.core.databinding.observable - 1.4.0.I20110222-0800
2011-09-24 16:50:46,650 - org.eclipse.core.databinding.property - 1.4.0.I20110222-0800
2011-09-24 16:50:46,652 - org.eclipse.core.databinding.beans - 1.2.100.I20100824-0800
2011-09-24 16:50:46,653 - org.eclipse.core.jobs - 3.5.100.v20110404
2011-09-24 16:50:46,654 - org.eclipse.core.expressions - 3.4.300.v20110228
2011-09-24 16:50:46,675 - org.eclipse.core.runtime - 3.7.0.v20110110
2011-09-24 16:50:46,676 - org.eclipse.core.runtime.compatibility.auth - 3.2.200.v20110110
2011-09-24 16:50:46,677 - org.eclipse.osgi - 3.7.0.v20110613
2011-09-24 16:50:46,683 - org.eclipse.osgi.services - 3.3.0.v20110513
2011-09-24 16:50:46,693 - org.eclipse.help - 3.5.100.v20110426
2011-09-24 16:50:46,704 - org.eclipse.swt - 3.7.0.v3735b
2011-09-24 16:50:46,712 - org.eclipse.jface - 3.7.0.I20110522-1430
2011-09-24 16:50:46,716 - org.eclipse.jface.databinding - 1.5.0.I20100907-0800
2011-09-24 16:50:46,723 - org.eclipse.ui - 3.7.0.I20110602-0100
2011-09-24 16:50:46,728 - org.eclipse.ui.workbench - 3.7.0.I20110519-0100
2011-09-24 16:50:46,740 - org.eclipse.ui.cocoa - 1.1.0.I20101109-0800
2011-09-24 16:50:46,741 - org.eclipse.update.configurator - 3.3.100.v20100512
2011-09-24 16:50:46,747 - org.eclipse.equinox.simpleconfigurator - 1.0.200.v20110502-1955
2011-09-24 16:50:46,760 - org.eclipse.swt.cocoa.macosx.x86_64 - 3.7.0.v3735b
2011-09-24 16:50:46,760 - org.eclipse.rcp - 3.7.0.v201106131736
2011-09-24 16:50:46,777 - org.eclipse.core.contenttype - 3.4.100.v20110423-0524
2011-09-24 16:50:46,782 - org.eclipse.equinox.app - 1.3.100.v20110321
2011-09-24 16:50:46,783 - org.eclipse.equinox.common - 3.6.0.v20110523
2011-09-24 16:50:46,784 - org.eclipse.equinox.ds - 1.3.0.v20110502
2011-09-24 16:50:46,785 - org.eclipse.equinox.util - 1.0.300.v20110502
2011-09-24 16:50:46,792 - org.eclipse.equinox.preferences - 3.4.0.v20110502
2011-09-24 16:50:46,794 - org.eclipse.equinox.registry - 3.5.100.v20110502
2011-09-24 16:50:46,795 - org.eclipse.equinox.launcher - 1.2.0.v20110502
2011-09-24 16:50:46,802 - org.eclipse.equinox.launcher.cocoa.macosx.x86_64 - 1.1.100.v20110502
2011-09-24 16:50:46,818 - org.eclipse.jdt - 3.7.0.v201106131736
2011-09-24 16:50:46,836 - org.eclipse.ant.ui - 3.5.100.v20110510
2011-09-24 16:50:46,864 - org.eclipse.jdt.apt.core - 3.3.500.v20110420-1015
2011-09-24 16:50:46,870 - org.eclipse.jdt.apt.ui - 3.3.300.v20110305-1450
2011-09-24 16:50:46,871 - org.eclipse.jdt.apt.pluggable.core - 1.0.400.v20110305-1450
2011-09-24 16:50:46,873 - org.eclipse.jdt.compiler.apt - 1.0.400.v0110509-1300
2011-09-24 16:50:46,873 - org.eclipse.jdt.compiler.tool - 1.0.100.v_B61
2011-09-24 16:50:46,875 - org.eclipse.jdt.core - 3.7.0.v_B61
2011-09-24 16:50:46,876 - org.eclipse.jdt.core.manipulation - 1.4.0.v20110505-0800
2011-09-24 16:50:46,886 - org.eclipse.jdt.debug.ui - 3.6.0.v20110512
2011-09-24 16:50:46,893 - org.eclipse.jdt.debug - 3.7.0.v20110509
2011-09-24 16:50:46,938 - org.eclipse.jdt.junit - 3.7.0.v20110505-0800
2011-09-24 16:50:46,946 - org.eclipse.jdt.junit.core - 3.7.0.v20110518-0800
2011-09-24 16:50:46,949 - org.eclipse.jdt.junit.runtime - 3.4.300.v20110505-0800
2011-09-24 16:50:46,950 - org.eclipse.jdt.junit4.runtime - 1.1.200.v20110505-0800
2011-09-24 16:50:46,962 - org.eclipse.jdt.launching - 3.6.0.v20110509
2011-09-24 16:50:46,995 - org.eclipse.jdt.ui - 3.7.0.v20110531-1200
2011-09-24 16:50:47,012 - org.junit - 4.8.2.v4_8_2_v20110321-1705
2011-09-24 16:50:47,012 - org.junit - 4.8.2.v4_8_2_v20110321-1705
2011-09-24 16:50:47,016 - org.junit4 - 4.8.1.v20100525
2011-09-24 16:50:47,017 - org.hamcrest.core - 1.1.0.v20090501071000
2011-09-24 16:50:47,053 - org.eclipse.jdt.doc.user - 3.7.0.v20110601-0800
2011-09-24 16:50:47,068 - org.eclipse.jdt.launching.macosx - 3.2.100.v20110509
2011-09-24 16:50:47,069 - org.eclipse.jdt.launching.ui.macosx - 1.0.100.v20110509
2011-09-24 16:50:47,113 - org.eclipse.ant.launching - 1.0.100.v20110506
2011-09-24 16:50:47,134 - org.eclipse.emf.edit.ui - 2.7.0.v20110606-0949
2011-09-24 16:50:47,162 - com.motorolamobility.preflighting - 0.9.0.release
2011-09-24 16:50:47,162 - com.motorolamobility.preflighting.core - 0.9.0.release
2011-09-24 16:50:47,173 - com.motorolamobility.preflighting.checkers - 0.9.0.release
2011-09-24 16:50:47,185 - org.eclipse.emf.mapping.ecore - 2.6.0.v20110606-0949
2011-09-24 16:50:47,197 - org.eclipse.emf.mapping.ecore2ecore - 2.7.0.v20110331-2022
2011-09-24 16:50:47,198 - org.eclipse.emf.mapping.ecore2xml - 2.7.0.v20110331-2022
2011-09-24 16:50:47,240 - org.eclipse.wst.jsdt.core - 1.1.100.v201104272153
2011-09-24 16:50:47,258 - org.eclipse.wst.jsdt.manipulation - 1.0.300.v201104272153
2011-09-24 16:50:47,258 - org.eclipse.wst.jsdt.ui - 1.1.100.v201105041953
2011-09-24 16:50:47,259 - org.eclipse.wst.jsdt.support.firefox - 1.0.400.v201008112000
2011-09-24 16:50:47,266 - org.eclipse.wst.jsdt.support.ie - 1.0.400.v201008112000
2011-09-24 16:50:47,284 - org.eclipse.wst.jsdt.doc - 1.0.400.v201011052052
2011-09-24 16:50:47,304 - org.eclipse.wst.jsdt.debug.core - 2.0.100.v201103232243
2011-09-24 16:50:47,307 - org.eclipse.wst.jsdt.debug.rhino - 1.0.100.v201103080228
2011-09-24 16:50:47,309 - org.eclipse.wst.jsdt.debug.rhino.debugger - 1.0.200.v201103080228
2011-09-24 16:50:47,313 - org.eclipse.wst.jsdt.debug.ui - 1.0.100.v201103232243
2011-09-24 16:50:47,340 - org.mozilla.javascript - 1.7.2.v201005080400
2011-09-24 16:50:47,342 - org.eclipse.wst.jsdt.debug.transport - 1.0.0.v201008101442
2011-09-24 16:50:47,343 - org.eclipse.wst.jsdt.debug.rhino.ui - 1.0.0.v201103232243
2011-09-24 16:50:47,362 - org.eclipse.emf.mapping.ui - 2.6.0.v20110606-0949
2011-09-24 16:50:47,403 - org.eclipse.wst.jsdt.web.core - 1.0.400.v201104190230
2011-09-24 16:50:47,428 - org.eclipse.wst.jsdt.web.ui - 1.0.400.v201103080228
2011-09-24 16:50:47,438 - org.eclipse.wst.html.ui.infopop - 1.0.200.v201004150328
2011-09-24 16:50:47,456 - org.eclipse.wst.web.ui.infopop - 1.0.300.v200805140415
2011-09-24 16:50:47,482 - org.eclipse.wst.css.ui - 1.0.600.v201103022054
2011-09-24 16:50:47,487 - org.eclipse.wst.html.ui - 1.0.600.v201104211436
2011-09-24 16:50:47,487 - org.eclipse.wst.web.ui - 1.1.400.v201004141630
2011-09-24 16:50:47,506 - org.eclipse.emf.codegen - 2.6.0.v20110606-0949
2011-09-24 17:02:40,797 - os.name - Mac OS X
2011-09-24 17:02:40,797 - os.arch - x86_64
2011-09-24 17:02:40,797 - os.version - 10.7
2011-09-24 17:02:40,797 - java.version - 1.6.0_26
2011-09-24 17:02:40,798 - java.vendor - Apple Inc.
2011-09-24 17:02:40,798 - java.vendor.url - http://www.apple.com/
2011-09-24 17:02:40,798 - java.home - /System/Library/Java/JavaVirtualMachines/1.6.0.jdk/Contents/Home
2011-09-24 17:02:40,798 - java.vm.specification.name - Java Virtual Machine Specification
2011-09-24 17:02:40,798 - java.vm.specification.vendor - Sun Microsystems Inc.
2011-09-24 17:02:40,798 - java.vm.specification.version - 1.0
2011-09-24 17:02:40,798 - java.class.path - /Applications/MOTODEV_Studio_for_Android_3.0/motodevstudio.app/Contents/MacOS//../../../plugins/org.eclipse.equinox.launcher_1.2.0.v20110502.jar
2011-09-24 17:02:40,798 - java.library.path - .:/Library/Java/Extensions:/System/Library/Java/Extensions:/usr/lib/java
2011-09-24 17:02:40,798 - --------------------------------------
2011-09-24 17:02:40,798 - ## Eclipse Plug-ins Log Information ##
2011-09-24 17:02:40,798 - --------------------------------------
2011-09-24 17:02:40,819 - org.eclipse.emf.mapping - 2.7.0.v20110606-0949
2011-09-24 17:02:40,837 - org.eclipse.emf.codegen.ecore.ui - 2.7.0.v20110606-0949
2011-09-24 17:02:40,868 - org.eclipse.datatools.connectivity.oda.design.ui - 3.2.5.v201105240457
2011-09-24 17:02:40,890 - org.eclipse.datatools.connectivity.oda.flatfile.ui - 3.1.1.v201104221058
2011-09-24 17:02:40,897 - org.eclipse.datatools.connectivity.ui.dse - 1.1.4.v201004270430
2011-09-24 17:02:40,904 - org.eclipse.datatools.connectivity.ui - 1.2.1.v201010211430
2011-09-24 17:02:40,925 - org.eclipse.datatools.connectivity.sqm.core - 1.2.2.v201104090305
2011-09-24 17:02:40,927 - org.eclipse.datatools.help - 1.5.0.v200906020553
2011-09-24 17:02:40,955 - com.android.ide.eclipse.traceview - 12.0.0.v201106281929-138431
2011-09-24 17:02:40,993 - org.eclipse.wst.common.project.facet.core - 1.4.200.v201103170332
2011-09-24 17:02:41,039 - org.eclipse.wst.common.project.facet.ui - 1.4.200.v201103311536
2011-09-24 17:02:41,043 - com.android.ide.eclipse.hierarchyviewer - 12.0.0.v201106281929-138431
2011-09-24 17:02:41,046 - org.eclipse.datatools.doc.user - 1.7.0.20090521092446
2011-09-24 17:02:41,077 - org.eclipse.datatools.oda.cshelp - 1.1.1.v200907031118
2011-09-24 17:02:41,077 - org.eclipse.datatools.help - 1.5.0.v200906020553
2011-09-24 17:02:41,150 - org.eclipse.datatools.sqltools.sql - 1.0.0.v200906022302
2011-09-24 17:02:41,155 - org.eclipse.datatools.sqltools.common.ui - 1.0.0.v200906022302
2011-09-24 17:02:41,167 - org.eclipse.datatools.sqltools.plan - 1.0.0.v200906022302
2011-09-24 17:02:41,185 - org.eclipse.datatools.sqltools.editor.core - 1.0.0.v201001150815
2011-09-24 17:02:41,220 - org.eclipse.datatools.sqltools.sqleditor - 1.0.2.v201009230800
2011-09-24 17:02:41,220 - org.eclipse.datatools.sqltools.ddlgen.ui - 1.0.1.v201002270530
2011-09-24 17:02:41,245 - org.eclipse.datatools.connectivity.db.generic - 1.0.1.v200908130547
2011-09-24 17:02:41,247 - org.eclipse.datatools.sqltools.editor.core.ui - 1.0.0.v201001150815
2011-09-24 17:02:41,248 - org.eclipse.datatools.sqltools.sql.ui - 1.0.0.v200906022302
2011-09-24 17:02:41,265 - org.eclipse.emf.ecore - 2.7.0.v20110605-0747
2011-09-24 17:02:41,294 - org.eclipse.emf.ecore.change - 2.7.0.v20110408-2116
2011-09-24 17:02:41,301 - org.eclipse.emf.ecore.xmi - 2.7.0.v20110520-1406
2011-09-24 17:02:41,337 - com.motorola.studio.android - 3.0.0.release
2011-09-24 17:02:41,339 - com.motorola.studio.android.emulator - 3.0.0.release
2011-09-24 17:02:41,370 - com.motorola.studio.android.launch - 3.0.0.release
2011-09-24 17:02:41,377 - com.motorola.studio.android.packaging - 2.2.0.release
2011-09-24 17:02:41,377 - com.motorola.studio.android.packaging.ui - 3.0.0.release
2011-09-24 17:02:41,378 - com.motorola.studio.android.codesnippets - 2.2.0.release
2011-09-24 17:02:41,379 - com.motorola.studio.android.handset - 3.0.0.release
2011-09-24 17:02:41,391 - com.motorola.studio.android.tooldocs.studio.helpbase - 3.0.0.release
2011-09-24 17:02:41,392 - com.motorola.studio.android.ss.provider - 2.0.0.release
2011-09-24 17:02:41,392 - com.motorola.studio.android.db - 3.0.0.release
2011-09-24 17:02:41,394 - com.motorola.studio.android.remote - 3.0.0.release
2011-09-24 17:02:41,395 - com.motorola.studio.android.product - 3.0.0.release
2011-09-24 17:02:41,395 - com.motorola.studio.android.macosx - 2.0.0.release
2011-09-24 17:02:41,397 - com.motorola.studio.android.mat - 2.2.0.release
2011-09-24 17:02:41,398 - com.motorola.studio.android.devices.services - 2.2.0.release
2011-09-24 17:02:41,398 - com.motorola.studio.android.installer - 3.0.0.release
2011-09-24 17:02:41,399 - com.motorola.studio.android.ophone - 2.2.0.release
2011-09-24 17:02:41,400 - com.motorola.studio.android.videos - 1.0.0.release
2011-09-24 17:02:41,414 - org.eclipse.emf.codegen.ui - 2.6.0.v20110606-0949
2011-09-24 17:02:41,448 - org.eclipse.mat.report - 1.1.0.201105231821
2011-09-24 17:02:41,448 - org.eclipse.mat.api - 1.1.0.201105231821
2011-09-24 17:02:41,453 - org.eclipse.mat.hprof - 1.1.0.201105231821
2011-09-24 17:02:41,460 - org.eclipse.mat.parser - 1.1.0.201105231821
2011-09-24 17:02:41,491 - org.eclipse.mat.ui - 1.1.0.201105231821
2011-09-24 17:02:41,493 - org.eclipse.mat.ui.help - 1.1.0.201105231821
2011-09-24 17:02:41,495 - org.eclipse.mat.jdt - 1.1.0.201105231821
2011-09-24 17:02:41,505 - org.eclipse.mat.dtfj - 1.1.0.201105231821
2011-09-24 17:02:41,508 - org.eclipse.mat.ibmdumps - 1.1.0.201105231821
2011-09-24 17:02:41,510 - org.eclipse.mat.jruby.resolver - 1.1.0.201105231821
2011-09-24 17:02:41,539 - java_cup.runtime - 0.10.0.v201005080400
2011-09-24 17:02:41,541 - org.apache.xerces - 2.9.0.v201101211617
2011-09-24 17:02:41,569 - org.eclipse.wst.xml.xpath2.processor - 2.0.0.v201105120439
2011-09-24 17:02:41,577 - org.eclipse.wst.xml.xpath2.wtptypes - 2.0.0.v201103212215
2011-09-24 17:02:41,577 - org.eclipse.wst.xml.xpath2 - 1.1.0.v200910101444
2011-09-24 17:02:41,579 - org.eclipse.wst.xml.xpath2.processor.doc.user - 2.0.0.v201105190326
2011-09-24 17:02:41,596 - org.eclipse.datatools.common.doc.user - 1.7.0.20090521092446
2011-09-24 17:02:41,604 - org.eclipse.datatools.connectivity.oda.consumer - 3.2.4.v201105200848
2011-09-24 17:02:41,620 - org.eclipse.datatools.connectivity.oda.design - 3.3.3.v201105191315
2011-09-24 17:02:41,625 - org.eclipse.datatools.connectivity.oda.flatfile - 3.1.1.v201104191557
2011-09-24 17:02:41,627 - org.eclipse.datatools.connectivity.oda.profile - 3.2.5.v201104090305
2011-09-24 17:02:41,628 - org.eclipse.datatools.connectivity.oda - 3.3.2.v201105200920
2011-09-24 17:02:41,628 - org.eclipse.datatools.connectivity - 1.2.2.v201105270956
2011-09-24 17:02:41,639 - org.eclipse.emf - 2.6.0.v20110606-0949
2011-09-24 17:02:41,647 - com.android.ide.eclipse.ddms - 12.0.0.v201106281929-138431
2011-09-24 17:02:41,649 - com.motorolamobility.preflighting.ui - 0.9.0.release
2011-09-24 17:02:41,657 - com.motorolamobility.preflighting.tooldocs.validator.helpbase - 0.9.0.release
2011-09-24 17:02:41,667 - org.eclipse.emf.edit - 2.7.0.v20110606-0949
2011-09-24 17:02:41,684 - org.eclipse.emf.converter - 2.5.0.v20110606-0949
2011-09-24 17:02:41,704 - org.eclipse.emf.importer - 2.6.0.v20100521-1846
2011-09-24 17:02:41,723 - org.eclipse.emf.exporter - 2.6.0.v20100521-1846
2011-09-24 17:02:41,724 - org.eclipse.emf.importer.ecore - 2.6.0.v20100521-1846
2011-09-24 17:02:41,726 - org.eclipse.emf.importer.java - 2.6.0.v20100521-1846
2011-09-24 17:02:41,728 - org.eclipse.emf.importer.rose - 2.6.0.v20100521-1846
2011-09-24 17:02:41,741 - org.eclipse.datatools.sqltools.doc.user - 1.7.0.20090521092446
2011-09-24 17:02:41,749 - org.eclipse.datatools.sqltools.doc.user.contexts - 1.7.0.20090521092446
2011-09-24 17:02:41,769 - org.eclipse.wst.xsl.core - 1.1.100.v201102270516
2011-09-24 17:02:41,772 - org.eclipse.wst.xsl.debug.ui - 1.0.200.v201101281837
2011-09-24 17:02:41,783 - org.eclipse.wst.xsl.launching - 1.0.200.v201103081922
2011-09-24 17:02:41,786 - org.eclipse.wst.xsl.xalan - 1.0.100.v201103081922
2011-09-24 17:02:41,789 - org.eclipse.wst.xsl.ui - 1.1.200.v201103082057
2011-09-24 17:02:41,798 - org.eclipse.wst.xml.xpath.ui - 1.1.100.v201105030025
2011-09-24 17:02:41,823 - org.apache.xalan - 2.7.1.v201005080400
2011-09-24 17:02:41,823 - org.apache.commons.logging - 1.0.4.v201101211617
2011-09-24 17:02:41,847 - org.eclipse.wst.xsl.doc - 1.0.100.v201004292007
2011-09-24 17:02:41,848 - org.eclipse.wst.xml.xpath.core - 1.2.0.v201105030025
2011-09-24 17:02:41,870 - org.apache.xml.serializer - 2.7.1.v201005080400
2011-09-24 17:02:41,882 - org.apache.bcel - 5.2.0.v201005080400
2011-09-24 17:02:41,882 - java_cup.runtime - 0.10.0.v201005080400
2011-09-24 17:02:41,893 - org.eclipse.wst.xsl.saxon - 1.0.200.v201103081922
2011-09-24 17:02:41,893 - org.eclipse.wst.xsl - 1.2.0.v201009121641
2011-09-24 17:02:41,904 - org.eclipse.wst.xsl.jaxp.debug - 1.0.200.v201103081922
2011-09-24 17:02:41,911 - org.eclipse.wst.xsl.jaxp.debug.ui - 1.0.200.v201103081922
2011-09-24 17:02:41,915 - org.eclipse.wst.xsl.jaxp.launching - 1.0.200.v201103081922
2011-09-24 17:02:41,938 - org.apache.log4j - 1.2.15.v201012070815
2011-09-24 17:02:41,953 - org.eclipse.wst.xsl.exslt.core - 1.0.0.v201005240426
2011-09-24 17:02:41,954 - org.eclipse.wst.xsl.exslt.ui - 1.0.0.v201006012005
2011-09-24 17:02:41,964 - org.eclipse.draw2d - 3.7.0.v20110425-2050
2011-09-24 17:02:41,991 - org.eclipse.datatools.connectivity.oda.template.ui - 3.2.1.v201004090942
2011-09-24 17:02:42,034 - org.eclipse.sequoyah.device.common.utilities - 2.0.0.N20110825-1018
2011-09-24 17:02:42,038 - org.eclipse.emf.databinding.edit - 1.2.0.v20110606-0949
2011-09-24 17:02:42,041 - org.eclipse.emf.common - 2.7.0.v20110605-0747
2011-09-24 17:02:42,044 - org.eclipse.sequoyah.device.backward - 1.0.0.N20110825-1018
2011-09-24 17:02:42,044 - org.eclipse.sequoyah.device.framework - 2.0.0.N20110825-1018
2011-09-24 17:02:42,065 - org.eclipse.sequoyah.device.framework.ui - 2.0.0.N20110825-1018
2011-09-24 17:02:42,065 - org.eclipse.sequoyah.device.service.start - 1.0.1.N20110825-1018
2011-09-24 17:02:42,066 - org.eclipse.sequoyah.device.service.stop - 1.0.1.N20110825-1018
2011-09-24 17:02:42,066 - org.eclipse.sequoyah.device.framework.wizard - 1.0.2.N20110825-1018
2011-09-24 17:02:42,083 - com.motorola.studio.platform.logger - 3.0.0
2011-09-24 17:02:42,083 - com.motorola.studio.platform.feature.rcp.branding - 3.1.1
2011-09-24 17:02:42,084 - com.motorola.studio.platform.tools.sign.core - 3.0.0
2011-09-24 17:02:42,084 - com.motorola.studio.platform.tools.sign.ui - 3.0.0
2011-09-24 17:02:42,085 - com.motorola.studio.platform.tools.common - 3.0.0
2011-09-24 17:02:42,085 - com.motorola.studio.platform.core.runtime - 3.0.0
2011-09-24 17:02:42,086 - com.motorola.studio.platform.ui - 3.0.0
2011-09-24 17:02:42,086 - com.motorola.studio.platform.ui.macosx - 3.0.0
2011-09-24 17:02:42,097 - org.eclipse.pde - 3.6.100.v201106131736
2011-09-24 17:02:42,103 - org.eclipse.pde.build - 3.7.0.v20110512-1320
2011-09-24 17:02:42,114 - org.eclipse.pde.core - 3.7.0.v20110603
2011-09-24 17:02:42,131 - org.eclipse.pde.junit.runtime - 3.4.100.v20110406
2011-09-24 17:02:42,135 - org.eclipse.pde.runtime - 3.4.200.v20110508
2011-09-24 17:02:42,147 - org.eclipse.pde.ui - 3.6.100.v20110603
2011-09-24 17:02:42,178 - org.eclipse.pde.doc.user - 3.7.0.v20110601-0800
2011-09-24 17:02:42,190 - org.eclipse.pde.ui.templates - 3.4.400.v20110516
2011-09-24 17:02:42,191 - org.eclipse.ui.views.log - 1.0.200.v20110404
2011-09-24 17:02:42,229 - org.objectweb.asm - 3.3.1.v201105211655
2011-09-24 17:02:42,253 - org.eclipse.pde.api.tools - 1.0.300.v20110523-1600
2011-09-24 17:02:42,269 - org.eclipse.pde.api.tools.ui - 1.0.300.v20110523-1600
2011-09-24 17:02:42,284 - org.eclipse.pde.ds.core - 1.0.100.v20100601
2011-09-24 17:02:42,287 - org.eclipse.pde.ds.ui - 1.0.100.v20110516
2011-09-24 17:02:42,288 - org.eclipse.pde.launching - 3.6.0.v20110506
2011-09-24 17:02:42,293 - org.eclipse.pde.ua.core - 1.0.100.v20110516
2011-09-24 17:02:42,299 - org.eclipse.pde.ua.ui - 1.0.100.v20110516
2011-09-24 17:02:42,315 - org.eclipse.emf.common.ui - 2.7.0.v20110606-0949
2011-09-24 17:02:42,318 - org.eclipse.emf.ecore.edit - 2.7.0.v20110606-0949
2011-09-24 17:02:42,326 - org.eclipse.emf.ecore.change.edit - 2.5.0.v20100521-1846
2011-09-24 17:02:42,357 - org.eclipse.wst.dtd.ui - 1.0.600.v201103171359
2011-09-24 17:02:42,359 - org.eclipse.wst.dtd.ui.infopop - 1.0.400.v201008112018
2011-09-24 17:02:42,374 - org.eclipse.wst.sse.ui.infopop - 1.0.300.v201004150328
2011-09-24 17:02:42,414 - org.eclipse.wst.xml.ui.infopop - 1.0.400.v201004292007
2011-09-24 17:02:42,438 - org.eclipse.wst.sse.ui - 1.3.0.v201105101529
2011-09-24 17:02:42,438 - org.eclipse.wst.xml.ui - 1.1.200.v201105111835
2011-09-24 17:02:42,449 - org.eclipse.wst.xsd.ui - 1.2.404.v201105050216
2011-09-24 17:02:42,467 - org.eclipse.emf.mapping.ecore.editor - 2.6.0.v20110606-0949
2011-09-24 17:02:42,473 - org.eclipse.emf.mapping.ecore2ecore.editor - 2.5.0.v20110120-0110
2011-09-24 17:02:42,475 - org.eclipse.emf.mapping.ecore2xml.ui - 2.6.0.v20110120-0109
2011-09-24 17:02:42,495 - org.eclipse.mat.chart - 1.1.0.201105231821
2011-09-24 17:02:42,505 - org.eclipse.mat.chart.ui - 1.1.0.201105231821
2011-09-24 17:02:42,515 - org.eclipse.sequoyah.localization.tools - 2.1.0.N20110825-1018
2011-09-24 17:02:42,552 - org.eclipse.sequoyah.localization.editor - 2.1.0.N20110825-1018
2011-09-24 17:02:42,745 - org.eclipse.datatools.connectivity.doc.user.contexts - 1.7.0.20090521092446
2011-09-24 17:02:42,745 - org.eclipse.datatools.connectivity.doc.user - 1.7.0.20090521092446
2011-09-24 17:02:42,971 - org.eclipse.emf.ecore.editor - 2.7.0.v20110606-0949
2011-09-24 17:02:43,276 - org.apache.ant - 1.8.2.v20110505-1300
2011-09-24 17:02:43,407 - org.eclipse.ant.core - 3.2.300.v20110511
2011-09-24 17:02:43,517 - com.jcraft.jsch - 0.1.41.v201101211617
2011-09-24 17:02:43,530 - org.eclipse.compare.core - 3.5.200.I20110208-0800
2011-09-24 17:02:43,542 - org.eclipse.compare - 3.5.200.I20110525-0800
2011-09-24 17:02:43,543 - org.eclipse.core.boot - 3.1.200.v20100505
2011-09-24 17:02:43,621 - org.eclipse.core.filebuffers - 3.5.200.v20110505-0800
2011-09-24 17:02:43,623 - org.eclipse.core.filesystem - 1.3.100.v20110423-0524
2011-09-24 17:02:43,623 - org.eclipse.core.net - 1.2.100.I20110511-0800
2011-09-24 17:02:43,624 - org.eclipse.core.resources - 3.7.100.v20110510-0712
2011-09-24 17:02:43,627 - org.eclipse.core.runtime.compatibility - 3.2.100.v20100505
2011-09-24 17:02:43,629 - org.eclipse.core.runtime.compatibility.registry - 3.5.0.v20110505
2011-09-24 17:02:43,638 - org.eclipse.osgi.util - 3.2.200.v20110110
2011-09-24 17:02:43,639 - org.eclipse.debug.core - 3.7.0.v20110518
2011-09-24 17:02:43,641 - org.eclipse.debug.ui - 3.7.0.v20110518
2011-09-24 17:02:43,652 - org.eclipse.equinox.event - 1.2.100.v20110502
2011-09-24 17:02:43,659 - org.eclipse.help.appserver - 3.1.400.v20110425
2011-09-24 17:02:43,660 - org.eclipse.ltk.core.refactoring - 3.5.200.v20110505-0800
2011-09-24 17:02:43,661 - org.eclipse.ltk.ui.refactoring - 3.6.0.v20110505-0800
2011-09-24 17:02:43,661 - org.eclipse.platform - 3.7.0.v201106131736
2011-09-24 17:02:43,693 - org.eclipse.platform.doc.user - 3.7.0.v20110601-0800
2011-09-24 17:02:43,694 - org.eclipse.search - 3.7.0.v20110505-0800
2011-09-24 17:02:43,695 - org.eclipse.team.core - 3.6.0.I20110525-0800
2011-09-24 17:02:43,719 - org.eclipse.team.ui - 3.6.100.I20110525-0800
2011-09-24 17:02:43,720 - org.eclipse.text - 3.5.100.v20110505-0800
2011-09-24 17:02:43,721 - org.eclipse.jface.text - 3.7.0.v20110505-0800
2011-09-24 17:02:43,725 - org.eclipse.jsch.core - 1.1.300.I20110514-0800
2011-09-24 17:02:43,727 - org.eclipse.jsch.ui - 1.1.300.I20110511-0800
2011-09-24 17:02:43,728 - org.eclipse.ui.console - 3.5.100.v20110511
2011-09-24 17:02:43,735 - org.eclipse.ui.presentations.r21 - 3.2.200.I20100517-1500
2011-09-24 17:02:43,736 - org.eclipse.ui.intro - 3.4.100.v20110425
2011-09-24 17:02:43,747 - org.eclipse.ui.intro.universal - 3.2.500.v20110510
2011-09-24 17:02:43,748 - org.eclipse.ui.cheatsheets - 3.4.100.v20110425
2011-09-24 17:02:43,749 - org.eclipse.ui.browser - 3.3.100.v20110426
2011-09-24 17:02:43,760 - org.eclipse.ui.navigator - 3.5.100.I20110524-0800
2011-09-24 17:02:43,762 - org.eclipse.ui.navigator.resources - 3.4.300.I20110421-1800
2011-09-24 17:02:43,763 - org.eclipse.ui.net - 1.2.100.I20110511-0800
2011-09-24 17:02:43,764 - org.eclipse.ui.workbench.texteditor - 3.7.0.v20110505-0800
2011-09-24 17:02:43,765 - org.eclipse.ui.views - 3.6.0.I20110412-0800
2011-09-24 17:02:43,765 - org.eclipse.ui.editors - 3.7.0.v20110517-0800
2011-09-24 17:02:43,795 - org.eclipse.ui.externaltools - 3.2.0.v20110506
2011-09-24 17:02:43,797 - org.eclipse.ui.ide - 3.7.0.I20110519-0100
2011-09-24 17:02:43,798 - org.eclipse.ui.ide.application - 1.0.300.I20110306-2000
2011-09-24 17:02:43,799 - org.eclipse.update.core - 3.2.500.v20110330
2011-09-24 17:02:43,799 - org.eclipse.update.scheduler - 3.2.300.v20100512
2011-09-24 17:02:43,822 - org.eclipse.update.ui - 3.2.300.v20100512
2011-09-24 17:02:43,824 - org.eclipse.ui.workbench.compatibility - 3.2.100.I20110413-1600
2011-09-24 17:02:43,835 - org.eclipse.core.filesystem.macosx - 1.3.0.v20110423-0524
2011-09-24 17:02:43,842 - org.eclipse.core.variables - 3.2.500.v20110511
2011-09-24 17:02:43,844 - org.eclipse.ui.forms - 3.5.100.v20110425
2011-09-24 17:02:43,859 - org.eclipse.ui.views.properties.tabbed - 3.5.200.I20110201-0800
2011-09-24 17:02:43,872 - org.eclipse.equinox.security - 1.1.0.v20110502
2011-09-24 17:02:43,876 - org.eclipse.equinox.security.ui - 1.1.0.v20101004
2011-09-24 17:02:43,878 - org.eclipse.equinox.security.macosx - 1.100.100.v20100503
2011-09-24 17:02:43,878 - org.eclipse.equinox.security.macosx - 1.100.100.v20100503
2011-09-24 17:02:43,888 - org.eclipse.core.externaltools - 1.0.100.v20110506
2011-09-24 17:02:43,903 - com.android.ide.eclipse.adt - 12.0.0.v201106281929-138431
2011-09-24 17:02:43,912 - org.eclipse.sequoyah.localization.android - 2.0.0.N20110825-1018
2011-09-24 17:02:43,930 - org.eclipse.sequoyah.localization.android.help - 2.1.0.N20110825-1018
2011-09-24 17:02:43,963 - javax.servlet - 2.5.0.v201103041518
2011-09-24 17:02:43,983 - javax.servlet.jsp - 2.0.0.v201101211617
2011-09-24 17:02:44,000 - org.apache.commons.el - 1.0.0.v201101211617
2011-09-24 17:02:44,000 - org.apache.commons.logging - 1.0.4.v201101211617
2011-09-24 17:02:44,019 - org.apache.jasper - 5.5.17.v201101211617
2011-09-24 17:02:44,042 - org.apache.lucene - 2.9.1.v201101211721
2011-09-24 17:02:44,061 - org.apache.lucene.analysis - 2.9.1.v201101211721
2011-09-24 17:02:44,072 - org.apache.lucene.core - 2.9.1.v201101211721
2011-09-24 17:02:44,089 - org.eclipse.equinox.http.jetty - 2.0.100.v20110502
2011-09-24 17:02:44,092 - org.eclipse.equinox.http.registry - 1.1.100.v20110502
2011-09-24 17:02:44,094 - org.eclipse.equinox.http.servlet - 1.1.200.v20110502
2011-09-24 17:02:44,095 - org.eclipse.equinox.jsp.jasper - 1.0.300.v20110502
2011-09-24 17:02:44,097 - org.eclipse.equinox.jsp.jasper.registry - 1.0.200.v20100503
2011-09-24 17:02:44,097 - org.eclipse.help.base - 3.6.0.v201106131736
2011-09-24 17:02:44,109 - org.eclipse.help.ui - 3.5.100.v20110425
2011-09-24 17:02:44,134 - org.eclipse.help.webapp - 3.6.0.v20110518
2011-09-24 17:02:44,136 - org.mortbay.jetty.server - 6.1.23.v201012071420
2011-09-24 17:02:44,136 - org.mortbay.jetty.util - 6.1.23.v201012071420
2011-09-24 17:02:44,143 - org.eclipse.emf.codegen.ecore - 2.7.0.v20110606-0949
2011-09-24 17:02:44,151 - org.eclipse.emf.ant - 2.7.0.v20100905-1633
2011-09-24 17:02:44,162 - org.eclipse.emf.databinding - 1.2.0.v20110606-0949
2011-09-24 17:02:44,197 - org.eclipse.datatools.modelbase.dbdefinition - 1.0.2.v201002130228
2011-09-24 17:02:44,205 - org.eclipse.datatools.modelbase.sql.edit - 1.0.1.v201002161452
2011-09-24 17:02:44,214 - org.eclipse.datatools.modelbase.sql.query - 1.1.1.v201008100700
2011-09-24 17:02:44,216 - org.eclipse.datatools.modelbase.sql.query.edit - 1.0.0.v201105201100
2011-09-24 17:02:44,218 - org.eclipse.datatools.modelbase.sql.xml.query - 1.0.1.v201004291415
2011-09-24 17:02:44,218 - org.eclipse.datatools.modelbase.sql - 1.0.4.v201002250945
2011-09-24 17:02:44,234 - org.eclipse.gef - 3.7.0.v20110407-2050
2011-09-24 17:02:44,243 - net.sourceforge.lpg.lpgjavaruntime - 1.1.0.v201004271650
2011-09-24 17:02:44,265 - org.eclipse.datatools.sqltools.parsers.sql.lexer - 1.0.1.v200906030654
2011-09-24 17:02:44,273 - org.eclipse.datatools.sqltools.parsers.sql.query - 1.2.0.v201004291415
2011-09-24 17:02:44,275 - org.eclipse.datatools.sqltools.parsers.sql.xml.query - 1.0.0.v200906022302
2011-09-24 17:02:44,275 - org.eclipse.datatools.sqltools.parsers.sql - 1.0.2.v201004291415
2011-09-24 17:02:44,282 - com.motorola.studio.platform.core.product - 3.1.1
2011-09-24 17:02:44,298 - com.motorola.studio.platform.ui.intro - 3.1.0
2011-09-24 17:02:44,298 - com.motorola.studio.platform.feature.branding - 3.1.1
2011-09-24 17:02:44,307 - com.motorola.studio.platform.logger.collector - 3.0.0
2011-09-24 17:02:44,331 - org.eclipse.datatools.enablement.sqlite - 1.0.0.v201002041100
2011-09-24 17:02:44,333 - org.eclipse.datatools.enablement.sqlite.dbdefinition - 1.0.1.v201002041100
2011-09-24 17:02:44,334 - org.eclipse.datatools.enablement.sqlite.ui - 1.0.0.v200906020900
2011-09-24 17:02:44,334 - org.eclipse.datatools.enablement.finfo - 1.5.1.v200906161800
2011-09-24 17:02:44,345 - biz.junginger.rss.eclipse.RssPlugin - 1.5.2
2011-09-24 17:02:44,376 - org.eclipse.datatools.connectivity.sqm.core.ui - 1.2.0.v201002281800
2011-09-24 17:02:44,376 - org.eclipse.datatools.connectivity.sqm.core - 1.2.2.v201104090305
2011-09-24 17:02:44,384 - org.eclipse.datatools.connectivity.sqm.server.ui - 1.1.100.v201009280455
2011-09-24 17:02:44,384 - org.eclipse.datatools.connectivity.ui.dse - 1.1.4.v201004270430
2011-09-24 17:02:44,384 - org.eclipse.datatools.connectivity.ui - 1.2.1.v201010211430
2011-09-24 17:02:44,384 - org.eclipse.datatools.connectivity - 1.2.2.v201105270956
2011-09-24 17:02:44,384 - org.eclipse.datatools.help - 1.5.0.v200906020553
2011-09-24 17:02:44,398 - org.eclipse.datatools.connectivity.console.profile - 1.0.0.v200906020553
2011-09-24 17:02:44,414 - org.eclipse.datatools.sqltools.common.ui - 1.0.0.v200906022302
2011-09-24 17:02:44,427 - org.eclipse.datatools.sqltools.debugger.core - 1.0.1.v201005250945
2011-09-24 17:02:44,427 - org.eclipse.datatools.sqltools.editor.core - 1.0.0.v201001150815
2011-09-24 17:02:44,427 - org.eclipse.datatools.sqltools.plan - 1.0.0.v200906022302
2011-09-24 17:02:44,433 - org.eclipse.datatools.sqltools.routineeditor - 1.0.0.v201003161000
2011-09-24 17:02:44,433 - org.eclipse.datatools.sqltools.sql - 1.0.0.v200906022302
2011-09-24 17:02:44,433 - org.eclipse.datatools.sqltools.sqleditor - 1.0.2.v201009230800
2011-09-24 17:02:44,439 - org.eclipse.datatools.sqltools.sqlscrapbook - 1.0.1.v201005250945
2011-09-24 17:02:44,439 - org.eclipse.datatools.help - 1.5.0.v200906020553
2011-09-24 17:02:44,446 - org.eclipse.datatools.sqltools.db.generic - 1.0.0.v200906020900
2011-09-24 17:02:44,448 - org.eclipse.datatools.sqltools.debugger.core.ui - 1.0.0.v201003161000
2011-09-24 17:02:44,448 - org.eclipse.datatools.sqltools.editor.core.ui - 1.0.0.v201001150815
2011-09-24 17:02:44,471 - org.eclipse.datatools.sqltools.result.ui - 1.1.1.v201101140415
2011-09-24 17:02:44,476 - org.eclipse.datatools.sqltools.routineeditor.ui - 1.0.1.v201004060545
2011-09-24 17:02:44,476 - org.eclipse.datatools.sqltools.sql.ui - 1.0.0.v200906022302
2011-09-24 17:02:44,493 - com.ibm.icu - 4.4.2.v20110208
2011-09-24 17:02:44,494 - org.eclipse.core.commands - 3.6.0.I20110111-0800
2011-09-24 17:02:44,517 - org.eclipse.core.databinding - 1.4.0.I20110111-0800
2011-09-24 17:02:44,521 - org.eclipse.core.databinding.observable - 1.4.0.I20110222-0800
2011-09-24 17:02:44,529 - org.eclipse.core.databinding.property - 1.4.0.I20110222-0800
2011-09-24 17:02:44,532 - org.eclipse.core.databinding.beans - 1.2.100.I20100824-0800
2011-09-24 17:02:44,535 - org.eclipse.core.jobs - 3.5.100.v20110404
2011-09-24 17:02:44,535 - org.eclipse.core.expressions - 3.4.300.v20110228
2011-09-24 17:02:44,539 - org.eclipse.core.runtime - 3.7.0.v20110110
2011-09-24 17:02:44,540 - org.eclipse.core.runtime.compatibility.auth - 3.2.200.v20110110
2011-09-24 17:02:44,541 - org.eclipse.osgi - 3.7.0.v20110613
2011-09-24 17:02:44,548 - org.eclipse.osgi.services - 3.3.0.v20110513
2011-09-24 17:02:44,548 - org.eclipse.help - 3.5.100.v20110426
2011-09-24 17:02:44,549 - org.eclipse.swt - 3.7.0.v3735b
2011-09-24 17:02:44,550 - org.eclipse.jface - 3.7.0.I20110522-1430
2011-09-24 17:02:44,559 - org.eclipse.jface.databinding - 1.5.0.I20100907-0800
2011-09-24 17:02:44,561 - org.eclipse.ui - 3.7.0.I20110602-0100
2011-09-24 17:02:44,561 - org.eclipse.ui.workbench - 3.7.0.I20110519-0100
2011-09-24 17:02:44,562 - org.eclipse.ui.cocoa - 1.1.0.I20101109-0800
2011-09-24 17:02:44,562 - org.eclipse.update.configurator - 3.3.100.v20100512
2011-09-24 17:02:44,567 - org.eclipse.equinox.simpleconfigurator - 1.0.200.v20110502-1955
2011-09-24 17:02:44,567 - org.eclipse.swt.cocoa.macosx.x86_64 - 3.7.0.v3735b
2011-09-24 17:02:44,567 - org.eclipse.rcp - 3.7.0.v201106131736
2011-09-24 17:02:44,575 - org.eclipse.core.contenttype - 3.4.100.v20110423-0524
2011-09-24 17:02:44,576 - org.eclipse.equinox.app - 1.3.100.v20110321
2011-09-24 17:02:44,577 - org.eclipse.equinox.common - 3.6.0.v20110523
2011-09-24 17:02:44,582 - org.eclipse.equinox.ds - 1.3.0.v20110502
2011-09-24 17:02:44,583 - org.eclipse.equinox.util - 1.0.300.v20110502
2011-09-24 17:02:44,584 - org.eclipse.equinox.preferences - 3.4.0.v20110502
2011-09-24 17:02:44,585 - org.eclipse.equinox.registry - 3.5.100.v20110502
2011-09-24 17:02:44,586 - org.eclipse.equinox.launcher - 1.2.0.v20110502
2011-09-24 17:02:44,589 - org.eclipse.equinox.launcher.cocoa.macosx.x86_64 - 1.1.100.v20110502
2011-09-24 17:02:44,604 - org.eclipse.jdt - 3.7.0.v201106131736
2011-09-24 17:02:44,624 - org.eclipse.ant.ui - 3.5.100.v20110510
2011-09-24 17:02:44,652 - org.eclipse.jdt.apt.core - 3.3.500.v20110420-1015
2011-09-24 17:02:44,658 - org.eclipse.jdt.apt.ui - 3.3.300.v20110305-1450
2011-09-24 17:02:44,660 - org.eclipse.jdt.apt.pluggable.core - 1.0.400.v20110305-1450
2011-09-24 17:02:44,662 - org.eclipse.jdt.compiler.apt - 1.0.400.v0110509-1300
2011-09-24 17:02:44,663 - org.eclipse.jdt.compiler.tool - 1.0.100.v_B61
2011-09-24 17:02:44,664 - org.eclipse.jdt.core - 3.7.0.v_B61
2011-09-24 17:02:44,664 - org.eclipse.jdt.core.manipulation - 1.4.0.v20110505-0800
2011-09-24 17:02:44,666 - org.eclipse.jdt.debug.ui - 3.6.0.v20110512
2011-09-24 17:02:44,680 - org.eclipse.jdt.debug - 3.7.0.v20110509
2011-09-24 17:02:44,693 - org.eclipse.jdt.junit - 3.7.0.v20110505-0800
2011-09-24 17:02:44,701 - org.eclipse.jdt.junit.core - 3.7.0.v20110518-0800
2011-09-24 17:02:44,703 - org.eclipse.jdt.junit.runtime - 3.4.300.v20110505-0800
2011-09-24 17:02:44,704 - org.eclipse.jdt.junit4.runtime - 1.1.200.v20110505-0800
2011-09-24 17:02:44,716 - org.eclipse.jdt.launching - 3.6.0.v20110509
2011-09-24 17:02:44,719 - org.eclipse.jdt.ui - 3.7.0.v20110531-1200
2011-09-24 17:02:44,732 - org.junit - 4.8.2.v4_8_2_v20110321-1705
2011-09-24 17:02:44,732 - org.junit - 4.8.2.v4_8_2_v20110321-1705
2011-09-24 17:02:44,736 - org.junit4 - 4.8.1.v20100525
2011-09-24 17:02:44,737 - org.hamcrest.core - 1.1.0.v20090501071000
2011-09-24 17:02:44,773 - org.eclipse.jdt.doc.user - 3.7.0.v20110601-0800
2011-09-24 17:02:44,776 - org.eclipse.jdt.launching.macosx - 3.2.100.v20110509
2011-09-24 17:02:44,778 - org.eclipse.jdt.launching.ui.macosx - 1.0.100.v20110509
2011-09-24 17:02:44,810 - org.eclipse.ant.launching - 1.0.100.v20110506
2011-09-24 17:02:44,821 - org.eclipse.emf.edit.ui - 2.7.0.v20110606-0949
2011-09-24 17:02:44,851 - com.motorolamobility.preflighting - 0.9.0.release
2011-09-24 17:02:44,851 - com.motorolamobility.preflighting.core - 0.9.0.release
2011-09-24 17:02:44,862 - com.motorolamobility.preflighting.checkers - 0.9.0.release
2011-09-24 17:02:44,866 - org.eclipse.emf.mapping.ecore - 2.6.0.v20110606-0949
2011-09-24 17:02:44,873 - org.eclipse.emf.mapping.ecore2ecore - 2.7.0.v20110331-2022
2011-09-24 17:02:44,874 - org.eclipse.emf.mapping.ecore2xml - 2.7.0.v20110331-2022
2011-09-24 17:02:44,916 - org.eclipse.wst.jsdt.core - 1.1.100.v201104272153
2011-09-24 17:02:44,935 - org.eclipse.wst.jsdt.manipulation - 1.0.300.v201104272153
2011-09-24 17:02:44,935 - org.eclipse.wst.jsdt.ui - 1.1.100.v201105041953
2011-09-24 17:02:44,936 - org.eclipse.wst.jsdt.support.firefox - 1.0.400.v201008112000
2011-09-24 17:02:44,943 - org.eclipse.wst.jsdt.support.ie - 1.0.400.v201008112000
2011-09-24 17:02:44,971 - org.eclipse.wst.jsdt.doc - 1.0.400.v201011052052
2011-09-24 17:02:44,974 - org.eclipse.wst.jsdt.debug.core - 2.0.100.v201103232243
2011-09-24 17:02:44,982 - org.eclipse.wst.jsdt.debug.rhino - 1.0.100.v201103080228
2011-09-24 17:02:44,985 - org.eclipse.wst.jsdt.debug.rhino.debugger - 1.0.200.v201103080228
2011-09-24 17:02:44,989 - org.eclipse.wst.jsdt.debug.ui - 1.0.100.v201103232243
2011-09-24 17:02:45,016 - org.mozilla.javascript - 1.7.2.v201005080400
2011-09-24 17:02:45,019 - org.eclipse.wst.jsdt.debug.transport - 1.0.0.v201008101442
2011-09-24 17:02:45,034 - org.eclipse.wst.jsdt.debug.rhino.ui - 1.0.0.v201103232243
2011-09-24 17:02:45,064 - org.eclipse.emf.mapping.ui - 2.6.0.v20110606-0949
2011-09-24 17:02:45,113 - org.eclipse.wst.jsdt.web.core - 1.0.400.v201104190230
2011-09-24 17:02:45,137 - org.eclipse.wst.jsdt.web.ui - 1.0.400.v201103080228
2011-09-24 17:02:45,147 - org.eclipse.wst.html.ui.infopop - 1.0.200.v201004150328
2011-09-24 17:02:45,165 - org.eclipse.wst.web.ui.infopop - 1.0.300.v200805140415
2011-09-24 17:02:45,180 - org.eclipse.wst.css.ui - 1.0.600.v201103022054
2011-09-24 17:02:45,184 - org.eclipse.wst.html.ui - 1.0.600.v201104211436
2011-09-24 17:02:45,184 - org.eclipse.wst.web.ui - 1.1.400.v201004141630
2011-09-24 17:02:45,203 - org.eclipse.emf.codegen - 2.6.0.v20110606-0949
